Arguments: 
  C:\Program Files\nodejs\node.exe C:\Program Files (x86)\Yarn\bin\yarn.js init

PATH: 
  C:\Windows\system32;C:\Windows;C:\Windows\system32\wbem;C:\Windows\System32\WindowsPowerShell\v1.0;C:\Program Files\WIDCOMM\Bluetooth Software;C:\Program Files\WIDCOMM\Bluetooth Software\syswow64;C:\Program Files\Dell\DW WLAN Card;C:\Program Files\dotnet;C:\Program Files\Java\jdk-13.0.1\bin;C:\ProgramData\chocolatey\bin;C:\Program Files\nodejs\;C:\Program Files (x86)\Yarn\bin\;C:\Users\FelipeDuaibs\AppData\Roaming\npm\node_modules\browserify\bin;C:\Program Files\Git\cmd;C:\Program Files\MySQL\MySQL Shell 8.0\bin\;C:\Users\FelipeDuaibs\AppData\Local\Programs\Python\Python37\Scripts\;C:\Users\FelipeDuaibs\AppData\Local\Programs\Python\Python37\;C:\Program Files\JetBrains\PyCharm Community Edition 2019.2\bin;;C:\Users\FelipeDuaibs\AppData\Local\Programs\Microsoft VS Code\bin;C:\Users\FelipeDuaibs\.dotnet\tools;C:\Program Files\Java\jdk-13.0.1\bin;C:\Users\FelipeDuaibs\AppData\Roaming\npm;C:\Users\FelipeDuaibs\AppData\Local\Yarn\bin;C:\Program Files\OpenSSL-Win64\bin;

Yarn version: 
  1.21.1

Node version: 
  12.14.1

Platform: 
  win32 x64

Trace: 
  Error: canceled
      at Interface.<anonymous> (C:\Program Files (x86)\Yarn\lib\cli.js:136925:13)
      at Interface.emit (events.js:223:5)
      at Interface._ttyWrite (readline.js:885:16)
      at ReadStream.onkeypress (readline.js:191:10)
      at ReadStream.emit (events.js:223:5)
      at emitKeys (internal/readline/utils.js:433:14)
      at emitKeys.next (<anonymous>)
      at ReadStream.onData (readline.js:1151:36)
      at ReadStream.emit (events.js:223:5)
      at addChunk (_stream_readable.js:309:12)

npm manifest: 
  No manifest

yarn manifest: 
  No manifest

Lockfile: 
  No lockfile
